<?xml version="1.0" encoding="UTF-8"?>
<!-- Generated by org.testng.reporters.JUnitReportReporter -->
<testsuite hostname="Raja" failures="0" tests="4" name="test1" time="0.051" errors="0" timestamp="2020-12-04T10:21:11 IST" skipped="0">
  <testcase classname="test1" name="streamCollect" time="0.012"/>
  <system-out/>
  <testcase classname="test1" name="streamFilter" time="0.017"/>
  <system-out/>
  <testcase classname="test1" name="regular" time="0.014"/>
  <system-out/>
  <testcase classname="test1" name="streamMap" time="0.008"/>
  <system-out/>
</testsuite> <!-- test1 -->
